1668078236285:add 1 2
1668078246061:exit
1668078283229:clear
1668078285437:exit
1668078326286:help
1668079789117:exit
1668079809694:print
1668079816574:exit
1668079841090:print
1668079845668:exit
1668080020832:print
1668080027016:help
1668080034298:exit
1668082468665:help
1668082475786:start 10 10
1668082487054:start 5 5
1668082490959:start 5 10
1668082501966:exit
1668084843488:print
1668084901455:help
1668084904823:start
1668084918213:print
1668085863583:open 5 5
1668085869904:open 1 1
1668085880238:open 11 11
1668085885438:print
1668086389502:open 11 11
1668099685290:print
1668099692700:exit
1668099731237:print
1668099737881:open 5 5
1668099749320:open 5 6
1668099780158:print
1668099821374:open 5 4
1668099834884:open 4 4
1668099839861:opn 4 5
1668099846003:open 4 5
1668099858457:open 5 6
1668099882927:print
1668099892339:open 6 6
1668099912496:exit
1668100003588:print
1668100008021:open 1 1
1668100013764:open 1 2
1668100021812:open 2 1
1668100047749:open 2 2
1668100059060:open 1 3
1668100069893:open 2 3
1668100082141:open 3 3
1668100086363:open 3 1
1668100092660:open 3 2
1668100113587:exit
1668100858807:help
1668100867414:start 3 3 1
1668100874661:open 2 2
1668100882451:print
1668100941813:start 3 3 1
1668100945749:open 2 2
1668100955011:open 1 2
1668100960872:print
